2022-06-05_11:43:45.640 [http-nio-8090-exec-4] INFO  c.p.t.r.services.UserServiceImpl - INFO - Get item started execution
2022-06-05_11:43:45.640 [http-nio-8090-exec-4] WARN  c.p.t.r.services.UserServiceImpl - WARN - Get item started execution
2022-06-05_11:43:45.640 [http-nio-8090-exec-4] ERROR c.p.t.r.services.UserServiceImpl - ERROR - Get item started execution
2022-06-05_11:45:28.056 [http-nio-8090-exec-5] INFO  c.p.t.r.services.UserServiceImpl - INFO - Get item started execution
2022-06-05_11:45:28.056 [http-nio-8090-exec-5] WARN  c.p.t.r.services.UserServiceImpl - WARN - Get item started execution
2022-06-05_11:45:28.066 [http-nio-8090-exec-5] ERROR c.p.t.r.services.UserServiceImpl - ERROR - Get item started execution
2022-06-05_11:46:01.196 [http-nio-8090-exec-6] INFO  c.p.t.r.services.UserServiceImpl - INFO - Get item started execution
2022-06-05_11:46:01.196 [http-nio-8090-exec-6] WARN  c.p.t.r.services.UserServiceImpl - WARN - Get item started execution
2022-06-05_11:46:01.196 [http-nio-8090-exec-6] ERROR c.p.t.r.services.UserServiceImpl - ERROR - Get item started execution
2022-06-05_11:46:18.436 [http-nio-8090-exec-9] INFO  c.p.t.r.services.UserServiceImpl - INFO - Get item started execution
2022-06-05_11:46:18.436 [http-nio-8090-exec-9] WARN  c.p.t.r.services.UserServiceImpl - WARN - Get item started execution
2022-06-05_11:46:18.436 [http-nio-8090-exec-9] ERROR c.p.t.r.services.UserServiceImpl - ERROR - Get item started execution
2022-06-05_11:47:23.550 [http-nio-8090-exec-8] INFO  c.p.t.r.services.UserServiceImpl - INFO - Get item started execution
2022-06-05_11:47:23.550 [http-nio-8090-exec-8] WARN  c.p.t.r.services.UserServiceImpl - WARN - Get item started execution
2022-06-05_11:47:23.550 [http-nio-8090-exec-8] ERROR c.p.t.r.services.UserServiceImpl - ERROR - Get item started execution
2022-06-05_11:47:44.487 [http-nio-8090-exec-1] INFO  c.p.t.r.services.UserServiceImpl - INFO - Register user started execution
2022-06-05_11:47:44.487 [http-nio-8090-exec-1] WARN  c.p.t.r.services.UserServiceImpl - WARN - Register user started execution
2022-06-05_11:47:44.487 [http-nio-8090-exec-1] ERROR c.p.t.r.services.UserServiceImpl - ERROR - Register user started execution
2022-06-05_11:47:44.487 [http-nio-8090-exec-1] INFO  c.p.t.r.services.UserServiceImpl - Checking if user exists started
2022-06-05_11:47:44.518 [http-nio-8090-exec-1] WARN  c.p.t.r.services.UserServiceImpl - User: 6 does not exist
2022-06-05_11:47:44.622 [http-nio-8090-exec-1] INFO  c.p.t.r.services.UserServiceImpl - User: 6 saved successfully
2022-06-05_11:48:40.904 [http-nio-8090-exec-2] INFO  c.p.t.r.services.UserServiceImpl - INFO - Get item started execution
2022-06-05_11:48:40.904 [http-nio-8090-exec-2] WARN  c.p.t.r.services.UserServiceImpl - WARN - Get item started execution
2022-06-05_11:48:40.904 [http-nio-8090-exec-2] ERROR c.p.t.r.services.UserServiceImpl - ERROR - Get item started execution
2022-06-05_16:15:22.957 [http-nio-8090-exec-3] INFO  c.p.t.r.services.UserServiceImpl - INFO - Get users started execution
2022-06-05_16:15:22.957 [http-nio-8090-exec-3] WARN  c.p.t.r.services.UserServiceImpl - WARN - Get users started execution
2022-06-05_16:15:22.957 [http-nio-8090-exec-3] ERROR c.p.t.r.services.UserServiceImpl - ERROR - Get users started execution
2022-06-05_16:15:44.384 [http-nio-8090-exec-4] INFO  c.p.t.r.services.UserServiceImpl - INFO - Register user started execution
2022-06-05_16:15:44.384 [http-nio-8090-exec-4] WARN  c.p.t.r.services.UserServiceImpl - WARN - Register user started execution
2022-06-05_16:15:44.384 [http-nio-8090-exec-4] ERROR c.p.t.r.services.UserServiceImpl - ERROR - Register user started execution
2022-06-05_16:15:44.384 [http-nio-8090-exec-4] INFO  c.p.t.r.services.UserServiceImpl - Checking if user exists started
2022-06-05_16:15:44.406 [http-nio-8090-exec-4] WARN  c.p.t.r.services.UserServiceImpl - User: 7 does not exist
2022-06-05_16:15:44.505 [http-nio-8090-exec-4] INFO  c.p.t.r.services.UserServiceImpl - User: 7 saved successfully
2022-06-05_16:21:54.452 [http-nio-8090-exec-4] INFO  c.p.t.r.services.UserServiceImpl - INFO - Get users started execution
2022-06-05_16:21:54.452 [http-nio-8090-exec-4] WARN  c.p.t.r.services.UserServiceImpl - WARN - Get users started execution
2022-06-05_16:21:54.452 [http-nio-8090-exec-4] ERROR c.p.t.r.services.UserServiceImpl - ERROR - Get users started execution
2022-06-05_19:15:58.696 [http-nio-8090-exec-6] INFO  c.p.t.r.services.ItemServiceImpl - INFO - Get item started execution
2022-06-05_19:15:58.696 [http-nio-8090-exec-6] WARN  c.p.t.r.services.ItemServiceImpl - WARN - Get item started execution
2022-06-05_19:15:58.696 [http-nio-8090-exec-6] ERROR c.p.t.r.services.ItemServiceImpl - ERROR - Get item started execution
2022-06-05_19:16:01.060 [http-nio-8090-exec-2] INFO  c.p.t.r.services.UserServiceImpl - INFO - Get users started execution
2022-06-05_19:16:01.060 [http-nio-8090-exec-2] WARN  c.p.t.r.services.UserServiceImpl - WARN - Get users started execution
2022-06-05_19:16:01.060 [http-nio-8090-exec-2] ERROR c.p.t.r.services.UserServiceImpl - ERROR - Get users started execution
2022-06-05_19:18:30.912 [http-nio-8090-exec-3] INFO  c.p.t.r.services.UserServiceImpl - INFO - Get users started execution
2022-06-05_19:18:30.912 [http-nio-8090-exec-3] WARN  c.p.t.r.services.UserServiceImpl - WARN - Get users started execution
2022-06-05_19:18:30.912 [http-nio-8090-exec-3] ERROR c.p.t.r.services.UserServiceImpl - ERROR - Get users started execution
2022-06-05_19:18:33.166 [http-nio-8090-exec-4] INFO  c.p.t.r.services.ItemServiceImpl - INFO - Get item started execution
2022-06-05_19:18:33.166 [http-nio-8090-exec-4] WARN  c.p.t.r.services.ItemServiceImpl - WARN - Get item started execution
2022-06-05_19:18:33.167 [http-nio-8090-exec-4] ERROR c.p.t.r.services.ItemServiceImpl - ERROR - Get item started execution
2022-06-06_10:20:07.229 [http-nio-8091-exec-3] INFO  c.p.t.r.services.UserServiceImpl - INFO - Get users started execution
2022-06-06_10:20:07.229 [http-nio-8091-exec-3] WARN  c.p.t.r.services.UserServiceImpl - WARN - Get users started execution
2022-06-06_10:20:07.229 [http-nio-8091-exec-3] ERROR c.p.t.r.services.UserServiceImpl - ERROR - Get users started execution
2022-06-06_10:20:41.495 [http-nio-8091-exec-4] INFO  c.p.t.r.services.ItemServiceImpl - INFO - Get item started execution
2022-06-06_10:20:41.495 [http-nio-8091-exec-4] WARN  c.p.t.r.services.ItemServiceImpl - WARN - Get item started execution
2022-06-06_10:20:41.495 [http-nio-8091-exec-4] ERROR c.p.t.r.services.ItemServiceImpl - ERROR - Get item started execution
2022-06-06_10:21:01.106 [http-nio-8091-exec-5] INFO  c.p.t.r.services.UserServiceImpl - Adding item(s) to cart started execution
2022-06-06_10:21:01.121 [http-nio-8091-exec-5] INFO  c.p.t.r.services.UserServiceImpl - Checking if user exists started
2022-06-06_10:21:01.131 [http-nio-8091-exec-5] INFO  c.p.t.r.services.UserServiceImpl - User: 7 does exist
2022-06-06_10:21:01.242 [http-nio-8091-exec-5] INFO  c.p.t.r.services.UserServiceImpl - Item(s) added to cart successfully
2022-06-06_10:21:05.054 [http-nio-8091-exec-6] INFO  c.p.t.r.services.UserServiceImpl - INFO - Get users started execution
2022-06-06_10:21:05.055 [http-nio-8091-exec-6] WARN  c.p.t.r.services.UserServiceImpl - WARN - Get users started execution
2022-06-06_10:21:05.055 [http-nio-8091-exec-6] ERROR c.p.t.r.services.UserServiceImpl - ERROR - Get users started execution
2022-06-06_10:26:21.036 [http-nio-8091-exec-3] INFO  c.p.t.r.services.UserServiceImpl - INFO - Get users started execution
2022-06-06_10:26:21.036 [http-nio-8091-exec-3] WARN  c.p.t.r.services.UserServiceImpl - WARN - Get users started execution
2022-06-06_10:26:21.036 [http-nio-8091-exec-3] ERROR c.p.t.r.services.UserServiceImpl - ERROR - Get users started execution
2022-06-08_00:26:33.945 [http-nio-8091-exec-3] INFO  c.p.t.r.services.UserServiceImpl - INFO - Get users started execution
2022-06-08_00:26:33.945 [http-nio-8091-exec-3] WARN  c.p.t.r.services.UserServiceImpl - WARN - Get users started execution
2022-06-08_00:26:33.945 [http-nio-8091-exec-3] ERROR c.p.t.r.services.UserServiceImpl - ERROR - Get users started execution
2022-06-08_00:27:34.300 [http-nio-8091-exec-2] INFO  c.p.t.r.services.UserServiceImpl - INFO - Get users started execution
2022-06-08_00:27:34.300 [http-nio-8091-exec-2] WARN  c.p.t.r.services.UserServiceImpl - WARN - Get users started execution
2022-06-08_00:27:34.300 [http-nio-8091-exec-2] ERROR c.p.t.r.services.UserServiceImpl - ERROR - Get users started execution
2022-06-08_00:32:10.908 [http-nio-8091-exec-9] INFO  c.p.t.r.services.UserServiceImpl - INFO - Get users started execution
2022-06-08_00:32:10.908 [http-nio-8091-exec-9] WARN  c.p.t.r.services.UserServiceImpl - WARN - Get users started execution
2022-06-08_00:32:10.908 [http-nio-8091-exec-9] ERROR c.p.t.r.services.UserServiceImpl - ERROR - Get users started execution
2022-06-08_00:34:22.017 [http-nio-8091-exec-1] INFO  c.p.t.r.services.ItemServiceImpl - INFO - Get item started execution
2022-06-08_00:34:22.018 [http-nio-8091-exec-1] WARN  c.p.t.r.services.ItemServiceImpl - WARN - Get item started execution
2022-06-08_00:34:22.018 [http-nio-8091-exec-1] ERROR c.p.t.r.services.ItemServiceImpl - ERROR - Get item started execution
2022-06-08_00:40:53.149 [http-nio-8091-exec-2] INFO  c.p.t.r.services.UserServiceImpl - INFO - Get users started execution
2022-06-08_00:40:53.149 [http-nio-8091-exec-2] WARN  c.p.t.r.services.UserServiceImpl - WARN - Get users started execution
2022-06-08_00:40:53.149 [http-nio-8091-exec-2] ERROR c.p.t.r.services.UserServiceImpl - ERROR - Get users started execution
2022-06-08_00:41:25.403 [http-nio-8091-exec-6] INFO  c.p.t.r.services.ItemServiceImpl - INFO - Get item started execution
2022-06-08_00:41:25.404 [http-nio-8091-exec-6] WARN  c.p.t.r.services.ItemServiceImpl - WARN - Get item started execution
2022-06-08_00:41:25.404 [http-nio-8091-exec-6] ERROR c.p.t.r.services.ItemServiceImpl - ERROR - Get item started execution
2022-06-08_23:33:51.790 [http-nio-8091-exec-3] INFO  c.p.t.r.services.UserServiceImpl - INFO - Get users started execution
2022-06-08_23:33:51.790 [http-nio-8091-exec-3] WARN  c.p.t.r.services.UserServiceImpl - WARN - Get users started execution
2022-06-08_23:33:51.790 [http-nio-8091-exec-3] ERROR c.p.t.r.services.UserServiceImpl - ERROR - Get users started execution
2022-06-09_17:05:49.879 [http-nio-8091-exec-5] INFO  c.p.t.r.services.UserServiceImpl - INFO - Get users started execution
2022-06-09_17:05:49.879 [http-nio-8091-exec-5] WARN  c.p.t.r.services.UserServiceImpl - WARN - Get users started execution
2022-06-09_17:05:49.879 [http-nio-8091-exec-5] ERROR c.p.t.r.services.UserServiceImpl - ERROR - Get users started execution
2022-06-09_17:06:14.947 [http-nio-8091-exec-3] INFO  c.p.t.r.services.ItemServiceImpl - INFO - Get item started execution
2022-06-09_17:06:14.949 [http-nio-8091-exec-3] WARN  c.p.t.r.services.ItemServiceImpl - WARN - Get item started execution
2022-06-09_17:06:14.949 [http-nio-8091-exec-3] ERROR c.p.t.r.services.ItemServiceImpl - ERROR - Get item started execution
2022-06-15_17:24:00.494 [http-nio-8091-exec-5] INFO  c.p.t.r.services.UserServiceImpl - INFO - Register user started execution
2022-06-15_17:24:00.494 [http-nio-8091-exec-5] WARN  c.p.t.r.services.UserServiceImpl - WARN - Register user started execution
2022-06-15_17:24:00.494 [http-nio-8091-exec-5] ERROR c.p.t.r.services.UserServiceImpl - ERROR - Register user started execution
2022-06-15_17:24:00.494 [http-nio-8091-exec-5] INFO  c.p.t.r.services.UserServiceImpl - Checking if user exists started
2022-06-15_17:24:00.710 [http-nio-8091-exec-5] WARN  c.p.t.r.services.UserServiceImpl - User: 1 does not exist
2022-06-15_17:24:00.782 [http-nio-8091-exec-5] INFO  c.p.t.r.services.UserServiceImpl - User: 1 saved successfully
2022-06-15_17:24:38.768 [http-nio-8091-exec-4] INFO  c.p.t.r.services.UserServiceImpl - INFO - Get users started execution
2022-06-15_17:24:38.768 [http-nio-8091-exec-4] WARN  c.p.t.r.services.UserServiceImpl - WARN - Get users started execution
2022-06-15_17:24:38.768 [http-nio-8091-exec-4] ERROR c.p.t.r.services.UserServiceImpl - ERROR - Get users started execution
2022-06-15_17:25:17.254 [http-nio-8091-exec-3] INFO  c.p.t.r.services.UserServiceImpl - INFO - Get users started execution
2022-06-15_17:25:17.254 [http-nio-8091-exec-3] WARN  c.p.t.r.services.UserServiceImpl - WARN - Get users started execution
2022-06-15_17:25:17.254 [http-nio-8091-exec-3] ERROR c.p.t.r.services.UserServiceImpl - ERROR - Get users started execution
2022-06-15_17:25:45.347 [http-nio-8091-exec-4] INFO  c.p.t.r.services.UserServiceImpl - INFO - Register user started execution
2022-06-15_17:25:45.347 [http-nio-8091-exec-4] WARN  c.p.t.r.services.UserServiceImpl - WARN - Register user started execution
2022-06-15_17:25:45.347 [http-nio-8091-exec-4] ERROR c.p.t.r.services.UserServiceImpl - ERROR - Register user started execution
2022-06-15_17:25:45.347 [http-nio-8091-exec-4] INFO  c.p.t.r.services.UserServiceImpl - Checking if user exists started
2022-06-15_17:25:45.352 [http-nio-8091-exec-4] WARN  c.p.t.r.services.UserServiceImpl - User: 2 does not exist
2022-06-15_17:25:45.360 [http-nio-8091-exec-4] INFO  c.p.t.r.services.UserServiceImpl - User: 2 saved successfully
2022-06-15_17:26:04.716 [http-nio-8091-exec-5] INFO  c.p.t.r.services.UserServiceImpl - INFO - Register user started execution
2022-06-15_17:26:04.716 [http-nio-8091-exec-5] WARN  c.p.t.r.services.UserServiceImpl - WARN - Register user started execution
2022-06-15_17:26:04.717 [http-nio-8091-exec-5] ERROR c.p.t.r.services.UserServiceImpl - ERROR - Register user started execution
2022-06-15_17:26:04.717 [http-nio-8091-exec-5] INFO  c.p.t.r.services.UserServiceImpl - Checking if user exists started
2022-06-15_17:26:04.719 [http-nio-8091-exec-5] WARN  c.p.t.r.services.UserServiceImpl - User: 3 does not exist
2022-06-15_17:26:04.723 [http-nio-8091-exec-5] INFO  c.p.t.r.services.UserServiceImpl - User: 3 saved successfully
2022-06-15_17:26:25.625 [http-nio-8091-exec-6] INFO  c.p.t.r.services.UserServiceImpl - INFO - Register user started execution
2022-06-15_17:26:25.625 [http-nio-8091-exec-6] WARN  c.p.t.r.services.UserServiceImpl - WARN - Register user started execution
2022-06-15_17:26:25.625 [http-nio-8091-exec-6] ERROR c.p.t.r.services.UserServiceImpl - ERROR - Register user started execution
2022-06-15_17:26:25.625 [http-nio-8091-exec-6] INFO  c.p.t.r.services.UserServiceImpl - Checking if user exists started
2022-06-15_17:26:25.628 [http-nio-8091-exec-6] WARN  c.p.t.r.services.UserServiceImpl - User: 4 does not exist
2022-06-15_17:26:25.633 [http-nio-8091-exec-6] INFO  c.p.t.r.services.UserServiceImpl - User: 4 saved successfully
2022-06-15_17:27:01.012 [http-nio-8091-exec-7] INFO  c.p.t.r.services.UserServiceImpl - INFO - Register user started execution
2022-06-15_17:27:01.012 [http-nio-8091-exec-7] WARN  c.p.t.r.services.UserServiceImpl - WARN - Register user started execution
2022-06-15_17:27:01.012 [http-nio-8091-exec-7] ERROR c.p.t.r.services.UserServiceImpl - ERROR - Register user started execution
2022-06-15_17:27:01.012 [http-nio-8091-exec-7] INFO  c.p.t.r.services.UserServiceImpl - Checking if user exists started
2022-06-15_17:27:01.015 [http-nio-8091-exec-7] WARN  c.p.t.r.services.UserServiceImpl - User: 5 does not exist
2022-06-15_17:27:01.020 [http-nio-8091-exec-7] INFO  c.p.t.r.services.UserServiceImpl - User: 5 saved successfully
2022-06-15_17:27:06.555 [http-nio-8091-exec-8] INFO  c.p.t.r.services.UserServiceImpl - INFO - Get users started execution
2022-06-15_17:27:06.555 [http-nio-8091-exec-8] WARN  c.p.t.r.services.UserServiceImpl - WARN - Get users started execution
2022-06-15_17:27:06.555 [http-nio-8091-exec-8] ERROR c.p.t.r.services.UserServiceImpl - ERROR - Get users started execution
2022-06-15_21:51:30.238 [http-nio-8091-exec-6] INFO  c.p.t.r.services.ItemServiceImpl - INFO - Get item started execution
2022-06-15_21:51:30.239 [http-nio-8091-exec-6] WARN  c.p.t.r.services.ItemServiceImpl - WARN - Get item started execution
2022-06-15_21:51:30.239 [http-nio-8091-exec-6] ERROR c.p.t.r.services.ItemServiceImpl - ERROR - Get item started execution
2022-06-15_21:51:35.988 [http-nio-8091-exec-7] INFO  c.p.t.r.services.UserServiceImpl - INFO - Get users started execution
2022-06-15_21:51:35.988 [http-nio-8091-exec-7] WARN  c.p.t.r.services.UserServiceImpl - WARN - Get users started execution
2022-06-15_21:51:35.988 [http-nio-8091-exec-7] ERROR c.p.t.r.services.UserServiceImpl - ERROR - Get users started execution
2022-06-15_21:52:07.737 [http-nio-8091-exec-8] INFO  c.p.t.r.services.ItemServiceImpl - Adding item started execution
2022-06-15_21:52:07.737 [http-nio-8091-exec-8] INFO  c.p.t.r.services.ItemServiceImpl - Checking if item exists started execution
2022-06-15_21:52:07.749 [http-nio-8091-exec-8] WARN  c.p.t.r.services.ItemServiceImpl - Item: 1 does not exist
2022-06-15_21:52:07.800 [http-nio-8091-exec-8] INFO  c.p.t.r.services.ItemServiceImpl - Item: 1 added successfully
2022-06-15_21:52:30.088 [http-nio-8091-exec-9] INFO  c.p.t.r.services.ItemServiceImpl - Adding item started execution
2022-06-15_21:52:30.088 [http-nio-8091-exec-9] INFO  c.p.t.r.services.ItemServiceImpl - Checking if item exists started execution
2022-06-15_21:52:30.090 [http-nio-8091-exec-9] WARN  c.p.t.r.services.ItemServiceImpl - Item: 2 does not exist
2022-06-15_21:52:30.094 [http-nio-8091-exec-9] INFO  c.p.t.r.services.ItemServiceImpl - Item: 2 added successfully
2022-06-15_21:52:34.832 [http-nio-8091-exec-10] INFO  c.p.t.r.services.ItemServiceImpl - INFO - Get item started execution
2022-06-15_21:52:34.832 [http-nio-8091-exec-10] WARN  c.p.t.r.services.ItemServiceImpl - WARN - Get item started execution
2022-06-15_21:52:34.833 [http-nio-8091-exec-10] ERROR c.p.t.r.services.ItemServiceImpl - ERROR - Get item started execution
2022-06-15_21:57:39.347 [http-nio-8091-exec-6] INFO  c.p.t.r.services.UserServiceImpl - INFO - Get users started execution
2022-06-15_21:57:39.347 [http-nio-8091-exec-6] WARN  c.p.t.r.services.UserServiceImpl - WARN - Get users started execution
2022-06-15_21:57:39.347 [http-nio-8091-exec-6] ERROR c.p.t.r.services.UserServiceImpl - ERROR - Get users started execution
2022-06-15_21:57:40.630 [http-nio-8091-exec-7] INFO  c.p.t.r.services.UserServiceImpl - INFO - Get users started execution
2022-06-15_21:57:40.631 [http-nio-8091-exec-7] WARN  c.p.t.r.services.UserServiceImpl - WARN - Get users started execution
2022-06-15_21:57:40.631 [http-nio-8091-exec-7] ERROR c.p.t.r.services.UserServiceImpl - ERROR - Get users started execution
2022-06-15_21:57:41.752 [http-nio-8091-exec-8] INFO  c.p.t.r.services.UserServiceImpl - INFO - Get users started execution
2022-06-15_21:57:41.753 [http-nio-8091-exec-8] WARN  c.p.t.r.services.UserServiceImpl - WARN - Get users started execution
2022-06-15_21:57:41.753 [http-nio-8091-exec-8] ERROR c.p.t.r.services.UserServiceImpl - ERROR - Get users started execution
2022-06-15_21:57:42.888 [http-nio-8091-exec-9] INFO  c.p.t.r.services.UserServiceImpl - INFO - Get users started execution
2022-06-15_21:57:42.888 [http-nio-8091-exec-9] WARN  c.p.t.r.services.UserServiceImpl - WARN - Get users started execution
2022-06-15_21:57:42.888 [http-nio-8091-exec-9] ERROR c.p.t.r.services.UserServiceImpl - ERROR - Get users started execution
2022-06-15_21:57:44.060 [http-nio-8091-exec-10] INFO  c.p.t.r.services.UserServiceImpl - INFO - Get users started execution
2022-06-15_21:57:44.061 [http-nio-8091-exec-10] WARN  c.p.t.r.services.UserServiceImpl - WARN - Get users started execution
2022-06-15_21:57:44.061 [http-nio-8091-exec-10] ERROR c.p.t.r.services.UserServiceImpl - ERROR - Get users started execution
2022-06-15_22:00:36.957 [http-nio-8091-exec-4] INFO  c.p.t.r.services.UserServiceImpl - INFO - Get users started execution
2022-06-15_22:00:36.957 [http-nio-8091-exec-4] WARN  c.p.t.r.services.UserServiceImpl - WARN - Get users started execution
2022-06-15_22:00:36.957 [http-nio-8091-exec-4] ERROR c.p.t.r.services.UserServiceImpl - ERROR - Get users started execution
2022-06-15_22:00:38.101 [http-nio-8091-exec-9] INFO  c.p.t.r.services.UserServiceImpl - INFO - Get users started execution
2022-06-15_22:00:38.102 [http-nio-8091-exec-9] WARN  c.p.t.r.services.UserServiceImpl - WARN - Get users started execution
2022-06-15_22:00:38.102 [http-nio-8091-exec-9] ERROR c.p.t.r.services.UserServiceImpl - ERROR - Get users started execution
2022-06-15_22:00:39.046 [http-nio-8091-exec-6] INFO  c.p.t.r.services.UserServiceImpl - INFO - Get users started execution
2022-06-15_22:00:39.046 [http-nio-8091-exec-6] WARN  c.p.t.r.services.UserServiceImpl - WARN - Get users started execution
2022-06-15_22:00:39.047 [http-nio-8091-exec-6] ERROR c.p.t.r.services.UserServiceImpl - ERROR - Get users started execution
2022-06-15_22:00:40.039 [http-nio-8091-exec-7] INFO  c.p.t.r.services.UserServiceImpl - INFO - Get users started execution
2022-06-15_22:00:40.039 [http-nio-8091-exec-7] WARN  c.p.t.r.services.UserServiceImpl - WARN - Get users started execution
2022-06-15_22:00:40.039 [http-nio-8091-exec-7] ERROR c.p.t.r.services.UserServiceImpl - ERROR - Get users started execution
2022-06-15_22:00:41.197 [http-nio-8091-exec-8] INFO  c.p.t.r.services.UserServiceImpl - INFO - Get users started execution
2022-06-15_22:00:41.197 [http-nio-8091-exec-8] WARN  c.p.t.r.services.UserServiceImpl - WARN - Get users started execution
2022-06-15_22:00:41.197 [http-nio-8091-exec-8] ERROR c.p.t.r.services.UserServiceImpl - ERROR - Get users started execution
2022-06-15_23:46:46.953 [http-nio-8091-exec-7] INFO  c.p.t.r.services.ItemServiceImpl - INFO - Get item started execution
2022-06-15_23:46:46.953 [http-nio-8091-exec-7] WARN  c.p.t.r.services.ItemServiceImpl - WARN - Get item started execution
2022-06-15_23:46:46.953 [http-nio-8091-exec-7] ERROR c.p.t.r.services.ItemServiceImpl - ERROR - Get item started execution
2022-06-15_23:46:48.013 [http-nio-8091-exec-6] INFO  c.p.t.r.services.ItemServiceImpl - INFO - Get item started execution
2022-06-15_23:46:48.013 [http-nio-8091-exec-6] WARN  c.p.t.r.services.ItemServiceImpl - WARN - Get item started execution
2022-06-15_23:46:48.013 [http-nio-8091-exec-6] ERROR c.p.t.r.services.ItemServiceImpl - ERROR - Get item started execution
2022-06-15_23:46:49.075 [http-nio-8091-exec-9] INFO  c.p.t.r.services.ItemServiceImpl - INFO - Get item started execution
2022-06-15_23:46:49.075 [http-nio-8091-exec-9] WARN  c.p.t.r.services.ItemServiceImpl - WARN - Get item started execution
2022-06-15_23:46:49.075 [http-nio-8091-exec-9] ERROR c.p.t.r.services.ItemServiceImpl - ERROR - Get item started execution
2022-06-15_23:46:53.067 [http-nio-8091-exec-8] INFO  c.p.t.r.services.UserServiceImpl - INFO - Get users started execution
2022-06-15_23:46:53.067 [http-nio-8091-exec-8] WARN  c.p.t.r.services.UserServiceImpl - WARN - Get users started execution
2022-06-15_23:46:53.067 [http-nio-8091-exec-8] ERROR c.p.t.r.services.UserServiceImpl - ERROR - Get users started execution
2022-06-15_23:46:53.724 [http-nio-8091-exec-10] INFO  c.p.t.r.services.UserServiceImpl - INFO - Get users started execution
2022-06-15_23:46:53.724 [http-nio-8091-exec-10] WARN  c.p.t.r.services.UserServiceImpl - WARN - Get users started execution
2022-06-15_23:46:53.724 [http-nio-8091-exec-10] ERROR c.p.t.r.services.UserServiceImpl - ERROR - Get users started execution
2022-06-15_23:46:54.336 [http-nio-8091-exec-2] INFO  c.p.t.r.services.UserServiceImpl - INFO - Get users started execution
2022-06-15_23:46:54.337 [http-nio-8091-exec-2] WARN  c.p.t.r.services.UserServiceImpl - WARN - Get users started execution
2022-06-15_23:46:54.337 [http-nio-8091-exec-2] ERROR c.p.t.r.services.UserServiceImpl - ERROR - Get users started execution
