2022-06-05_11:43:45.640 [http-nio-8090-exec-4] INFO  c.p.t.r.services.UserServiceImpl - INFO - Get item started execution
2022-06-05_11:43:45.640 [http-nio-8090-exec-4] WARN  c.p.t.r.services.UserServiceImpl - WARN - Get item started execution
2022-06-05_11:43:45.640 [http-nio-8090-exec-4] ERROR c.p.t.r.services.UserServiceImpl - ERROR - Get item started execution
2022-06-05_11:45:28.056 [http-nio-8090-exec-5] INFO  c.p.t.r.services.UserServiceImpl - INFO - Get item started execution
2022-06-05_11:45:28.056 [http-nio-8090-exec-5] WARN  c.p.t.r.services.UserServiceImpl - WARN - Get item started execution
2022-06-05_11:45:28.066 [http-nio-8090-exec-5] ERROR c.p.t.r.services.UserServiceImpl - ERROR - Get item started execution
2022-06-05_11:46:01.196 [http-nio-8090-exec-6] INFO  c.p.t.r.services.UserServiceImpl - INFO - Get item started execution
2022-06-05_11:46:01.196 [http-nio-8090-exec-6] WARN  c.p.t.r.services.UserServiceImpl - WARN - Get item started execution
2022-06-05_11:46:01.196 [http-nio-8090-exec-6] ERROR c.p.t.r.services.UserServiceImpl - ERROR - Get item started execution
2022-06-05_11:46:18.436 [http-nio-8090-exec-9] INFO  c.p.t.r.services.UserServiceImpl - INFO - Get item started execution
2022-06-05_11:46:18.436 [http-nio-8090-exec-9] WARN  c.p.t.r.services.UserServiceImpl - WARN - Get item started execution
2022-06-05_11:46:18.436 [http-nio-8090-exec-9] ERROR c.p.t.r.services.UserServiceImpl - ERROR - Get item started execution
2022-06-05_11:47:23.550 [http-nio-8090-exec-8] INFO  c.p.t.r.services.UserServiceImpl - INFO - Get item started execution
2022-06-05_11:47:23.550 [http-nio-8090-exec-8] WARN  c.p.t.r.services.UserServiceImpl - WARN - Get item started execution
2022-06-05_11:47:23.550 [http-nio-8090-exec-8] ERROR c.p.t.r.services.UserServiceImpl - ERROR - Get item started execution
2022-06-05_11:47:44.487 [http-nio-8090-exec-1] INFO  c.p.t.r.services.UserServiceImpl - INFO - Register user started execution
2022-06-05_11:47:44.487 [http-nio-8090-exec-1] WARN  c.p.t.r.services.UserServiceImpl - WARN - Register user started execution
2022-06-05_11:47:44.487 [http-nio-8090-exec-1] ERROR c.p.t.r.services.UserServiceImpl - ERROR - Register user started execution
2022-06-05_11:47:44.487 [http-nio-8090-exec-1] INFO  c.p.t.r.services.UserServiceImpl - Checking if user exists started
2022-06-05_11:47:44.518 [http-nio-8090-exec-1] WARN  c.p.t.r.services.UserServiceImpl - User: 6 does not exist
2022-06-05_11:47:44.622 [http-nio-8090-exec-1] INFO  c.p.t.r.services.UserServiceImpl - User: 6 saved successfully
2022-06-05_11:48:40.904 [http-nio-8090-exec-2] INFO  c.p.t.r.services.UserServiceImpl - INFO - Get item started execution
2022-06-05_11:48:40.904 [http-nio-8090-exec-2] WARN  c.p.t.r.services.UserServiceImpl - WARN - Get item started execution
2022-06-05_11:48:40.904 [http-nio-8090-exec-2] ERROR c.p.t.r.services.UserServiceImpl - ERROR - Get item started execution
2022-06-05_16:15:22.957 [http-nio-8090-exec-3] INFO  c.p.t.r.services.UserServiceImpl - INFO - Get users started execution
2022-06-05_16:15:22.957 [http-nio-8090-exec-3] WARN  c.p.t.r.services.UserServiceImpl - WARN - Get users started execution
2022-06-05_16:15:22.957 [http-nio-8090-exec-3] ERROR c.p.t.r.services.UserServiceImpl - ERROR - Get users started execution
2022-06-05_16:15:44.384 [http-nio-8090-exec-4] INFO  c.p.t.r.services.UserServiceImpl - INFO - Register user started execution
2022-06-05_16:15:44.384 [http-nio-8090-exec-4] WARN  c.p.t.r.services.UserServiceImpl - WARN - Register user started execution
2022-06-05_16:15:44.384 [http-nio-8090-exec-4] ERROR c.p.t.r.services.UserServiceImpl - ERROR - Register user started execution
2022-06-05_16:15:44.384 [http-nio-8090-exec-4] INFO  c.p.t.r.services.UserServiceImpl - Checking if user exists started
2022-06-05_16:15:44.406 [http-nio-8090-exec-4] WARN  c.p.t.r.services.UserServiceImpl - User: 7 does not exist
2022-06-05_16:15:44.505 [http-nio-8090-exec-4] INFO  c.p.t.r.services.UserServiceImpl - User: 7 saved successfully
2022-06-05_16:21:54.452 [http-nio-8090-exec-4] INFO  c.p.t.r.services.UserServiceImpl - INFO - Get users started execution
2022-06-05_16:21:54.452 [http-nio-8090-exec-4] WARN  c.p.t.r.services.UserServiceImpl - WARN - Get users started execution
2022-06-05_16:21:54.452 [http-nio-8090-exec-4] ERROR c.p.t.r.services.UserServiceImpl - ERROR - Get users started execution
2022-06-05_19:15:58.696 [http-nio-8090-exec-6] INFO  c.p.t.r.services.ItemServiceImpl - INFO - Get item started execution
2022-06-05_19:15:58.696 [http-nio-8090-exec-6] WARN  c.p.t.r.services.ItemServiceImpl - WARN - Get item started execution
2022-06-05_19:15:58.696 [http-nio-8090-exec-6] ERROR c.p.t.r.services.ItemServiceImpl - ERROR - Get item started execution
2022-06-05_19:16:01.060 [http-nio-8090-exec-2] INFO  c.p.t.r.services.UserServiceImpl - INFO - Get users started execution
2022-06-05_19:16:01.060 [http-nio-8090-exec-2] WARN  c.p.t.r.services.UserServiceImpl - WARN - Get users started execution
2022-06-05_19:16:01.060 [http-nio-8090-exec-2] ERROR c.p.t.r.services.UserServiceImpl - ERROR - Get users started execution
2022-06-05_19:18:30.912 [http-nio-8090-exec-3] INFO  c.p.t.r.services.UserServiceImpl - INFO - Get users started execution
2022-06-05_19:18:30.912 [http-nio-8090-exec-3] WARN  c.p.t.r.services.UserServiceImpl - WARN - Get users started execution
2022-06-05_19:18:30.912 [http-nio-8090-exec-3] ERROR c.p.t.r.services.UserServiceImpl - ERROR - Get users started execution
2022-06-05_19:18:33.166 [http-nio-8090-exec-4] INFO  c.p.t.r.services.ItemServiceImpl - INFO - Get item started execution
2022-06-05_19:18:33.166 [http-nio-8090-exec-4] WARN  c.p.t.r.services.ItemServiceImpl - WARN - Get item started execution
2022-06-05_19:18:33.167 [http-nio-8090-exec-4] ERROR c.p.t.r.services.ItemServiceImpl - ERROR - Get item started execution
2022-06-06_10:20:07.229 [http-nio-8091-exec-3] INFO  c.p.t.r.services.UserServiceImpl - INFO - Get users started execution
2022-06-06_10:20:07.229 [http-nio-8091-exec-3] WARN  c.p.t.r.services.UserServiceImpl - WARN - Get users started execution
2022-06-06_10:20:07.229 [http-nio-8091-exec-3] ERROR c.p.t.r.services.UserServiceImpl - ERROR - Get users started execution
2022-06-06_10:20:41.495 [http-nio-8091-exec-4] INFO  c.p.t.r.services.ItemServiceImpl - INFO - Get item started execution
2022-06-06_10:20:41.495 [http-nio-8091-exec-4] WARN  c.p.t.r.services.ItemServiceImpl - WARN - Get item started execution
2022-06-06_10:20:41.495 [http-nio-8091-exec-4] ERROR c.p.t.r.services.ItemServiceImpl - ERROR - Get item started execution
2022-06-06_10:21:01.106 [http-nio-8091-exec-5] INFO  c.p.t.r.services.UserServiceImpl - Adding item(s) to cart started execution
2022-06-06_10:21:01.121 [http-nio-8091-exec-5] INFO  c.p.t.r.services.UserServiceImpl - Checking if user exists started
2022-06-06_10:21:01.131 [http-nio-8091-exec-5] INFO  c.p.t.r.services.UserServiceImpl - User: 7 does exist
2022-06-06_10:21:01.242 [http-nio-8091-exec-5] INFO  c.p.t.r.services.UserServiceImpl - Item(s) added to cart successfully
2022-06-06_10:21:05.054 [http-nio-8091-exec-6] INFO  c.p.t.r.services.UserServiceImpl - INFO - Get users started execution
2022-06-06_10:21:05.055 [http-nio-8091-exec-6] WARN  c.p.t.r.services.UserServiceImpl - WARN - Get users started execution
2022-06-06_10:21:05.055 [http-nio-8091-exec-6] ERROR c.p.t.r.services.UserServiceImpl - ERROR - Get users started execution
